<?xml version="1.0" encoding="UTF-8" ?>
<testsuite tests="6" failures="0" name="com.example.service.SellingManagerTest" time="2.362" errors="2" skipped="0">
  <properties>
[...]
</properties>
  <testcase classname="com.example.service.SellingManagerTest" name="addBouquetCheck" time="2.292">
    <error message="Null value was assigned to a property of primitive type setter of com.example.domain.Bouquet.available" type="org.hibernate.PropertyAccessException">org.hibernate.PropertyAccessException: Null value was assigned to a property of primitive type setter of com.example.domain.Bouquet.available
	at org.hibernate.property.BasicPropertyAccessor$BasicSetter.set(BasicPropertyAccessor.java:109)
	at org.hibernate.tuple.entity.AbstractEntityTuplizer.setPropertyValues(AbstractEntityTuplizer.java:583)
	at org.hibernate.tuple.entity.PojoEntityTuplizer.setPropertyValues(PojoEntityTuplizer.java:229)
	at org.hibernate.persister.entity.AbstractEntityPersister.setPropertyValues(AbstractEntityPersister.java:3847)
	at org.hibernate.engine.TwoPhaseLoad.initializeEntity(TwoPhaseLoad.java:152)
	at org.hibernate.loader.Loader.initializeEntitiesAndCollections(Loader.java:982)
	at org.hibernate.loader.Loader.doQuery(Loader.java:857)
	at org.hibernate.loader.Loader.doQueryAndInitializeNonLazyCollections(Loader.java:274)
	at org.hibernate.loader.Loader.doList(Loader.java:2533)
	at org.hibernate.loader.Loader.listIgnoreQueryCache(Loader.java:2276)
	at org.hibernate.loader.Loader.list(Loader.java:2271)
	at org.hibernate.loader.hql.QueryLoader.list(QueryLoader.java:452)
	at org.hibernate.hql.ast.QueryTranslatorImpl.list(QueryTranslatorImpl.java:363)
	at org.hibernate.engine.query.HQLQueryPlan.performList(HQLQueryPlan.java:196)
	at org.hibernate.impl.SessionImpl.list(SessionImpl.java:1268)
	at org.hibernate.impl.QueryImpl.list(QueryImpl.java:102)
	at com.example.service.ManagerHibernateImpl.getAllBouquets(ManagerHibernateImpl.java:107)
	at sun.reflect.NativeMethodAccessorImpl.invoke0(Native Method)
	at sun.reflect.NativeMethodAccessorImpl.invoke(NativeMethodAccessorImpl.java:62)
	at sun.reflect.DelegatingMethodAccessorImpl.invoke(DelegatingMethodAccessorImpl.java:43)
	at java.lang.reflect.Method.invoke(Method.java:497)
	at org.springframework.aop.support.AopUtils.invokeJoinpointUsingReflection(AopUtils.java:309)
	at org.springframework.aop.framework.ReflectiveMethodInvocation.invokeJoinpoint(ReflectiveMethodInvocation.java:183)
	at org.springframework.aop.framework.ReflectiveMethodInvocation.proceed(ReflectiveMethodInvocation.java:150)
	at org.springframework.transaction.interceptor.TransactionInterceptor.invoke(TransactionInterceptor.java:110)
	at org.springframework.aop.framework.ReflectiveMethodInvocation.proceed(ReflectiveMethodInvocation.java:172)
	at org.springframework.aop.framework.JdkDynamicAopProxy.invoke(JdkDynamicAopProxy.java:202)
	at com.sun.proxy.$Proxy22.getAllBouquets(Unknown Source)
	at com.example.service.SellingManagerTest.addBouquetCheck(SellingManagerTest.java:124)
	at sun.reflect.NativeMethodAccessorImpl.invoke0(Native Method)
	at sun.reflect.NativeMethodAccessorImpl.invoke(NativeMethodAccessorImpl.java:62)
	at sun.reflect.DelegatingMethodAccessorImpl.invoke(DelegatingMethodAccessorImpl.java:43)
	at java.lang.reflect.Method.invoke(Method.java:497)
	at org.junit.runners.model.FrameworkMethod$1.runReflectiveCall(FrameworkMethod.java:44)
	at org.junit.internal.runners.model.ReflectiveCallable.run(ReflectiveCallable.java:15)
	at org.junit.runners.model.FrameworkMethod.invokeExplosively(FrameworkMethod.java:41)
	at org.junit.internal.runners.statements.InvokeMethod.evaluate(InvokeMethod.java:20)
	at org.junit.internal.runners.statements.RunBefores.evaluate(RunBefores.java:28)
	at org.springframework.test.context.junit4.statements.RunBeforeTestMethodCallbacks.evaluate(RunBeforeTestMethodCallbacks.java:74)
	at org.junit.internal.runners.statements.RunAfters.evaluate(RunAfters.java:31)
	at org.springframework.test.context.junit4.statements.RunAfterTestMethodCallbacks.evaluate(RunAfterTestMethodCallbacks.java:82)
	at org.springframework.test.context.junit4.statements.SpringRepeat.evaluate(SpringRepeat.java:72)
	at org.springframework.test.context.junit4.SpringJUnit4ClassRunner.runChild(SpringJUnit4ClassRunner.java:231)
	at org.junit.runners.BlockJUnit4ClassRunner.runChild(BlockJUnit4ClassRunner.java:48)
	at org.junit.runners.ParentRunner$3.run(ParentRunner.java:231)
	at org.junit.runners.ParentRunner$1.schedule(ParentRunner.java:60)
	at org.junit.runners.ParentRunner.runChildren(ParentRunner.java:229)
	at org.junit.runners.ParentRunner.access$000(ParentRunner.java:50)
	at org.junit.runners.ParentRunner$2.evaluate(ParentRunner.java:222)
	at org.springframework.test.context.junit4.statements.RunBeforeTestClassCallbacks.evaluate(RunBeforeTestClassCallbacks.java:61)
	at org.springframework.test.context.junit4.statements.RunAfterTestClassCallbacks.evaluate(RunAfterTestClassCallbacks.java:70)
	at org.junit.runners.ParentRunner.run(ParentRunner.java:292)
	at org.springframework.test.context.junit4.SpringJUnit4ClassRunner.run(SpringJUnit4ClassRunner.java:174)
	at org.apache.maven.surefire.junit4.JUnit4Provider.execute(JUnit4Provider.java:252)
	at org.apache.maven.surefire.junit4.JUnit4Provider.executeTestSet(JUnit4Provider.java:141)
	at org.apache.maven.surefire.junit4.JUnit4Provider.invoke(JUnit4Provider.java:112)
	at sun.reflect.NativeMethodAccessorImpl.invoke0(Native Method)
	at sun.reflect.NativeMethodAccessorImpl.invoke(NativeMethodAccessorImpl.java:62)
	at sun.reflect.DelegatingMethodAccessorImpl.invoke(DelegatingMethodAccessorImpl.java:43)
	at java.lang.reflect.Method.invoke(Method.java:497)
	at org.apache.maven.surefire.util.ReflectionUtils.invokeMethodWithArray(ReflectionUtils.java:189)
	at org.apache.maven.surefire.booter.ProviderFactory$ProviderProxy.invoke(ProviderFactory.java:165)
	at org.apache.maven.surefire.booter.ProviderFactory.invokeProvider(ProviderFactory.java:85)
	at org.apache.maven.surefire.booter.ForkedBooter.runSuitesInProcess(ForkedBooter.java:115)
	at org.apache.maven.surefire.booter.ForkedBooter.main(ForkedBooter.java:75)
Caused by: java.lang.IllegalArgumentException
	at sun.reflect.NativeMethodAccessorImpl.invoke0(Native Method)
	at sun.reflect.NativeMethodAccessorImpl.invoke(NativeMethodAccessorImpl.java:62)
	at sun.reflect.DelegatingMethodAccessorImpl.invoke(DelegatingMethodAccessorImpl.java:43)
	at java.lang.reflect.Method.invoke(Method.java:497)
	at org.hibernate.property.BasicPropertyAccessor$BasicSetter.set(BasicPropertyAccessor.java:66)
	... 64 more
</error>
    <system-out>2015-12-18 09:46:42,780 INFO  [Version]  - Hibernate Commons Annotations 3.2.0.Final
2015-12-18 09:46:42,789 INFO  [Environment]  - Hibernate 3.6.6.Final
2015-12-18 09:46:42,791 INFO  [Environment]  - hibernate.properties not found
2015-12-18 09:46:42,794 INFO  [Environment]  - Bytecode provider name : javassist
2015-12-18 09:46:42,798 INFO  [Environment]  - using JDK 1.4 java.sql.Timestamp handling
2015-12-18 09:46:42,916 INFO  [AnnotationBinder]  - Binding entity from annotated class: com.example.domain.Bouquet
2015-12-18 09:46:42,939 INFO  [QueryBinder]  - Binding Named query: bouquet.color =&gt; Select b from Bouquet b where b.color= :color
2015-12-18 09:46:42,940 INFO  [QueryBinder]  - Binding Named query: bouquet.all =&gt; Select b from Bouquet b
2015-12-18 09:46:42,969 INFO  [EntityBinder]  - Bind entity com.example.domain.Bouquet on table Bouquet
2015-12-18 09:46:43,022 INFO  [AnnotationBinder]  - Binding entity from annotated class: com.example.domain.User
2015-12-18 09:46:43,024 INFO  [QueryBinder]  - Binding Named query: user.all =&gt; Select u from User u
2015-12-18 09:46:43,024 INFO  [QueryBinder]  - Binding Named query: user.byNick =&gt; Select u from User u where u.nick = :nick
2015-12-18 09:46:43,025 INFO  [EntityBinder]  - Bind entity com.example.domain.User on table User
2015-12-18 09:46:43,084 INFO  [Configuration]  - Hibernate Validator not found: ignoring
2015-12-18 09:46:43,088 INFO  [HibernateSearchEventListenerRegister]  - Unable to find org.hibernate.search.event.FullTextIndexEventListener on the classpath. Hibernate Search is not enabled.
2015-12-18 09:46:43,095 INFO  [ConnectionProviderFactory]  - Initializing connection provider: org.springframework.orm.hibernate3.LocalDataSourceConnectionProvider
2015-12-18 09:46:43,399 INFO  [Dialect]  - Using dialect: org.hibernate.dialect.HSQLDialect
2015-12-18 09:46:43,422 INFO  [SettingsFactory]  - Database -&gt;
       name : HSQL Database Engine
    version : 2.3.3
      major : 2
      minor : 3
2015-12-18 09:46:43,422 INFO  [SettingsFactory]  - Driver -&gt;
       name : HSQL Database Engine Driver
    version : 2.3.3
      major : 2
      minor : 3
2015-12-18 09:46:43,424 INFO  [TransactionFactoryFactory]  - Transaction strategy: org.springframework.orm.hibernate3.SpringTransactionFactory
2015-12-18 09:46:43,425 INFO  [TransactionManagerLookupFactory]  - No TransactionManagerLookup configured (in JTA environment, use of read-write or transactional second-level cache is not recommended)
2015-12-18 09:46:43,426 INFO  [SettingsFactory]  - Automatic flush during beforeCompletion(): disabled
2015-12-18 09:46:43,426 INFO  [SettingsFactory]  - Automatic session close at end of transaction: disabled
2015-12-18 09:46:43,426 INFO  [SettingsFactory]  - JDBC batch size: 15
2015-12-18 09:46:43,426 INFO  [SettingsFactory]  - JDBC batch updates for versioned data: disabled
2015-12-18 09:46:43,427 INFO  [SettingsFactory]  - Scrollable result sets: enabled
2015-12-18 09:46:43,427 INFO  [SettingsFactory]  - JDBC3 getGeneratedKeys(): enabled
2015-12-18 09:46:43,428 INFO  [SettingsFactory]  - Connection release mode: auto
2015-12-18 09:46:43,428 INFO  [SettingsFactory]  - Default batch fetch size: 1
2015-12-18 09:46:43,429 INFO  [SettingsFactory]  - Generate SQL with comments: disabled
2015-12-18 09:46:43,429 INFO  [SettingsFactory]  - Order SQL updates by primary key: disabled
2015-12-18 09:46:43,429 INFO  [SettingsFactory]  - Order SQL inserts for batching: disabled
2015-12-18 09:46:43,429 INFO  [SettingsFactory]  - Query translator: org.hibernate.hql.ast.ASTQueryTranslatorFactory
2015-12-18 09:46:43,431 INFO  [ASTQueryTranslatorFactory]  - Using ASTQueryTranslatorFactory
2015-12-18 09:46:43,432 INFO  [SettingsFactory]  - Query language substitutions: {}
2015-12-18 09:46:43,432 INFO  [SettingsFactory]  - JPA-QL strict compliance: disabled
2015-12-18 09:46:43,432 INFO  [SettingsFactory]  - Second-level cache: enabled
2015-12-18 09:46:43,432 INFO  [SettingsFactory]  - Query cache: disabled
2015-12-18 09:46:43,432 INFO  [SettingsFactory]  - Cache region factory : org.hibernate.cache.impl.NoCachingRegionFactory
2015-12-18 09:46:43,433 INFO  [SettingsFactory]  - Optimize cache for minimal puts: disabled
2015-12-18 09:46:43,434 INFO  [SettingsFactory]  - Structured second-level cache entries: disabled
2015-12-18 09:46:43,438 INFO  [SettingsFactory]  - Echoing all SQL to stdout
2015-12-18 09:46:43,438 INFO  [SettingsFactory]  - Statistics: disabled
2015-12-18 09:46:43,438 INFO  [SettingsFactory]  - Deleted entity synthetic identifier rollback: disabled
2015-12-18 09:46:43,439 INFO  [SettingsFactory]  - Default entity-mode: pojo
2015-12-18 09:46:43,439 INFO  [SettingsFactory]  - Named query checking : enabled
2015-12-18 09:46:43,439 INFO  [SettingsFactory]  - Check Nullability in Core (should be disabled when Bean Validation is on): enabled
2015-12-18 09:46:43,458 INFO  [SessionFactoryImpl]  - building session factory
2015-12-18 09:46:43,465 INFO  [BasicTypeRegistry]  - Type registration [wrapper_characters_clob] overrides previous : org.hibernate.type.CharacterArrayClobType@1863d2fe
2015-12-18 09:46:43,465 INFO  [BasicTypeRegistry]  - Type registration [characters_clob] overrides previous : org.hibernate.type.PrimitiveCharacterArrayClobType@1787bc24
2015-12-18 09:46:43,465 INFO  [BasicTypeRegistry]  - Type registration [blob] overrides previous : org.hibernate.type.BlobType@544d57e
2015-12-18 09:46:43,465 INFO  [BasicTypeRegistry]  - Type registration [java.sql.Blob] overrides previous : org.hibernate.type.BlobType@544d57e
2015-12-18 09:46:43,465 INFO  [BasicTypeRegistry]  - Type registration [materialized_blob] overrides previous : org.hibernate.type.MaterializedBlobType@55c53a33
2015-12-18 09:46:43,466 INFO  [BasicTypeRegistry]  - Type registration [wrapper_materialized_blob] overrides previous : org.hibernate.type.WrappedMaterializedBlobType@53b7f657
2015-12-18 09:46:43,466 INFO  [BasicTypeRegistry]  - Type registration [materialized_clob] overrides previous : org.hibernate.type.MaterializedClobType@797b0699
2015-12-18 09:46:43,466 INFO  [BasicTypeRegistry]  - Type registration [clob] overrides previous : org.hibernate.type.ClobType@5a37d3ed
2015-12-18 09:46:43,466 INFO  [BasicTypeRegistry]  - Type registration [java.sql.Clob] overrides previous : org.hibernate.type.ClobType@5a37d3ed
2015-12-18 09:46:43,753 INFO  [SessionFactoryObjectFactory]  - Not binding factory to JNDI, no JNDI name configured
2015-12-18 09:46:44,023 INFO  [Dialect]  - Using dialect: org.hibernate.dialect.HSQLDialect
2015-12-18 09:46:44,053 INFO  [TableMetadata]  - table found: PUBLIC.PUBLIC.BOUQUET
2015-12-18 09:46:44,054 INFO  [TableMetadata]  - columns: [sold, color, available, id, type]
2015-12-18 09:46:44,054 INFO  [TableMetadata]  - foreign keys: []
2015-12-18 09:46:44,054 INFO  [TableMetadata]  - indexes: [sys_idx_sys_pk_10099_10100]
2015-12-18 09:46:44,061 INFO  [TableMetadata]  - table found: PUBLIC.PUBLIC.USER
2015-12-18 09:46:44,061 INFO  [TableMetadata]  - columns: [nick, name, id]
2015-12-18 09:46:44,062 INFO  [TableMetadata]  - foreign keys: []
2015-12-18 09:46:44,062 INFO  [TableMetadata]  - indexes: [sys_idx_sys_ct_10105_10109, sys_idx_sys_pk_10103_10106]
2015-12-18 09:46:44,067 INFO  [TableMetadata]  - table found: PUBLIC.PUBLIC.USER_BOUQUET
2015-12-18 09:46:44,067 INFO  [TableMetadata]  - columns: [user_id, bouquets_id]
2015-12-18 09:46:44,068 INFO  [TableMetadata]  - foreign keys: [fkcc25ff27deba8ee4, fkcc25ff27f5514273]
2015-12-18 09:46:44,068 INFO  [TableMetadata]  - indexes: [sys_idx_sys_ct_10112_10116, sys_idx_10117, sys_idx_10119]
Hibernate: select bouquet0_.id as id0_, bouquet0_.available as available0_, bouquet0_.color as color0_, bouquet0_.type as type0_ from Bouquet bouquet0_
</system-out>
  </testcase>
  <testcase classname="com.example.service.SellingManagerTest" name="addClientCheck" time="0.033"/>
  <testcase classname="com.example.service.SellingManagerTest" name="deleteClientCheck" time="0.016"/>
  <testcase classname="com.example.service.SellingManagerTest" name="deleteBouquetCheck" time="0.009">
    <error message="Null value was assigned to a property of primitive type setter of com.example.domain.Bouquet.available" type="org.hibernate.PropertyAccessException">org.hibernate.PropertyAccessException: Null value was assigned to a property of primitive type setter of com.example.domain.Bouquet.available
	at org.hibernate.property.BasicPropertyAccessor$BasicSetter.set(BasicPropertyAccessor.java:109)
	at org.hibernate.tuple.entity.AbstractEntityTuplizer.setPropertyValues(AbstractEntityTuplizer.java:583)
	at org.hibernate.tuple.entity.PojoEntityTuplizer.setPropertyValues(PojoEntityTuplizer.java:229)
	at org.hibernate.persister.entity.AbstractEntityPersister.setPropertyValues(AbstractEntityPersister.java:3847)
	at org.hibernate.engine.TwoPhaseLoad.initializeEntity(TwoPhaseLoad.java:152)
	at org.hibernate.loader.Loader.initializeEntitiesAndCollections(Loader.java:982)
	at org.hibernate.loader.Loader.doQuery(Loader.java:857)
	at org.hibernate.loader.Loader.doQueryAndInitializeNonLazyCollections(Loader.java:274)
	at org.hibernate.loader.Loader.doList(Loader.java:2533)
	at org.hibernate.loader.Loader.listIgnoreQueryCache(Loader.java:2276)
	at org.hibernate.loader.Loader.list(Loader.java:2271)
	at org.hibernate.loader.hql.QueryLoader.list(QueryLoader.java:452)
	at org.hibernate.hql.ast.QueryTranslatorImpl.list(QueryTranslatorImpl.java:363)
	at org.hibernate.engine.query.HQLQueryPlan.performList(HQLQueryPlan.java:196)
	at org.hibernate.impl.SessionImpl.list(SessionImpl.java:1268)
	at org.hibernate.impl.QueryImpl.list(QueryImpl.java:102)
	at com.example.service.ManagerHibernateImpl.getAllBouquets(ManagerHibernateImpl.java:107)
	at sun.reflect.NativeMethodAccessorImpl.invoke0(Native Method)
	at sun.reflect.NativeMethodAccessorImpl.invoke(NativeMethodAccessorImpl.java:62)
	at sun.reflect.DelegatingMethodAccessorImpl.invoke(DelegatingMethodAccessorImpl.java:43)
	at java.lang.reflect.Method.invoke(Method.java:497)
	at org.springframework.aop.support.AopUtils.invokeJoinpointUsingReflection(AopUtils.java:309)
	at org.springframework.aop.framework.ReflectiveMethodInvocation.invokeJoinpoint(ReflectiveMethodInvocation.java:183)
	at org.springframework.aop.framework.ReflectiveMethodInvocation.proceed(ReflectiveMethodInvocation.java:150)
	at org.springframework.transaction.interceptor.TransactionInterceptor.invoke(TransactionInterceptor.java:110)
	at org.springframework.aop.framework.ReflectiveMethodInvocation.proceed(ReflectiveMethodInvocation.java:172)
	at org.springframework.aop.framework.JdkDynamicAopProxy.invoke(JdkDynamicAopProxy.java:202)
	at com.sun.proxy.$Proxy22.getAllBouquets(Unknown Source)
	at com.example.service.SellingManagerTest.deleteBouquetCheck(SellingManagerTest.java:150)
	at sun.reflect.NativeMethodAccessorImpl.invoke0(Native Method)
	at sun.reflect.NativeMethodAccessorImpl.invoke(NativeMethodAccessorImpl.java:62)
	at sun.reflect.DelegatingMethodAccessorImpl.invoke(DelegatingMethodAccessorImpl.java:43)
	at java.lang.reflect.Method.invoke(Method.java:497)
	at org.junit.runners.model.FrameworkMethod$1.runReflectiveCall(FrameworkMethod.java:44)
	at org.junit.internal.runners.model.ReflectiveCallable.run(ReflectiveCallable.java:15)
	at org.junit.runners.model.FrameworkMethod.invokeExplosively(FrameworkMethod.java:41)
	at org.junit.internal.runners.statements.InvokeMethod.evaluate(InvokeMethod.java:20)
	at org.junit.internal.runners.statements.RunBefores.evaluate(RunBefores.java:28)
	at org.springframework.test.context.junit4.statements.RunBeforeTestMethodCallbacks.evaluate(RunBeforeTestMethodCallbacks.java:74)
	at org.junit.internal.runners.statements.RunAfters.evaluate(RunAfters.java:31)
	at org.springframework.test.context.junit4.statements.RunAfterTestMethodCallbacks.evaluate(RunAfterTestMethodCallbacks.java:82)
	at org.springframework.test.context.junit4.statements.SpringRepeat.evaluate(SpringRepeat.java:72)
	at org.springframework.test.context.junit4.SpringJUnit4ClassRunner.runChild(SpringJUnit4ClassRunner.java:231)
	at org.junit.runners.BlockJUnit4ClassRunner.runChild(BlockJUnit4ClassRunner.java:48)
	at org.junit.runners.ParentRunner$3.run(ParentRunner.java:231)
	at org.junit.runners.ParentRunner$1.schedule(ParentRunner.java:60)
	at org.junit.runners.ParentRunner.runChildren(ParentRunner.java:229)
	at org.junit.runners.ParentRunner.access$000(ParentRunner.java:50)
	at org.junit.runners.ParentRunner$2.evaluate(ParentRunner.java:222)
	at org.springframework.test.context.junit4.statements.RunBeforeTestClassCallbacks.evaluate(RunBeforeTestClassCallbacks.java:61)
	at org.springframework.test.context.junit4.statements.RunAfterTestClassCallbacks.evaluate(RunAfterTestClassCallbacks.java:70)
	at org.junit.runners.ParentRunner.run(ParentRunner.java:292)
	at org.springframework.test.context.junit4.SpringJUnit4ClassRunner.run(SpringJUnit4ClassRunner.java:174)
	at org.apache.maven.surefire.junit4.JUnit4Provider.execute(JUnit4Provider.java:252)
	at org.apache.maven.surefire.junit4.JUnit4Provider.executeTestSet(JUnit4Provider.java:141)
	at org.apache.maven.surefire.junit4.JUnit4Provider.invoke(JUnit4Provider.java:112)
	at sun.reflect.NativeMethodAccessorImpl.invoke0(Native Method)
	at sun.reflect.NativeMethodAccessorImpl.invoke(NativeMethodAccessorImpl.java:62)
	at sun.reflect.DelegatingMethodAccessorImpl.invoke(DelegatingMethodAccessorImpl.java:43)
	at java.lang.reflect.Method.invoke(Method.java:497)
	at org.apache.maven.surefire.util.ReflectionUtils.invokeMethodWithArray(ReflectionUtils.java:189)
	at org.apache.maven.surefire.booter.ProviderFactory$ProviderProxy.invoke(ProviderFactory.java:165)
	at org.apache.maven.surefire.booter.ProviderFactory.invokeProvider(ProviderFactory.java:85)
	at org.apache.maven.surefire.booter.ForkedBooter.runSuitesInProcess(ForkedBooter.java:115)
	at org.apache.maven.surefire.booter.ForkedBooter.main(ForkedBooter.java:75)
Caused by: java.lang.IllegalArgumentException
	at sun.reflect.NativeMethodAccessorImpl.invoke0(Native Method)
	at sun.reflect.NativeMethodAccessorImpl.invoke(NativeMethodAccessorImpl.java:62)
	at sun.reflect.DelegatingMethodAccessorImpl.invoke(DelegatingMethodAccessorImpl.java:43)
	at java.lang.reflect.Method.invoke(Method.java:497)
	at org.hibernate.property.BasicPropertyAccessor$BasicSetter.set(BasicPropertyAccessor.java:66)
	... 64 more
</error>
    <system-out>Hibernate: insert into Bouquet (id, available, color, type) values (default, ?, ?, ?)
Hibernate: select bouquet0_.id as id0_, bouquet0_.available as available0_, bouquet0_.color as color0_, bouquet0_.type as type0_ from Bouquet bouquet0_
</system-out>
  </testcase>
  <testcase classname="com.example.service.SellingManagerTest" name="updateClientCheck" time="0.007"/>
  <testcase classname="com.example.service.SellingManagerTest" name="updateBouquetCheck" time="0.005"/>
</testsuite>